2023-06-10 14:00:38 DEBUG InternalLoggerFactory:89 - Using Log4J as the default logging framework
2023-06-10 14:00:38 DEBUG ResourceLeakDetector:129 - -Dio.netty.leakDetection.level: simple
2023-06-10 14:00:38 DEBUG ResourceLeakDetector:130 - -Dio.netty.leakDetection.targetRecords: 4
2023-06-10 14:00:38 DEBUG ResourceLeakDetectorFactory:196 - Loaded default ResourceLeakDetector: io.netty.util.ResourceLeakDetector@680bddf5
2023-06-10 14:00:38 DEBUG PlatformDependent0:496 - -Dio.netty.noUnsafe: false
2023-06-10 14:00:38 DEBUG PlatformDependent0:1000 - Java version: 17
2023-06-10 14:00:38 DEBUG PlatformDependent0:137 - sun.misc.Unsafe.theUnsafe: available
2023-06-10 14:00:38 DEBUG PlatformDependent0:161 - sun.misc.Unsafe.copyMemory: available
2023-06-10 14:00:38 DEBUG PlatformDependent0:193 - sun.misc.Unsafe.storeFence: available
2023-06-10 14:00:38 DEBUG PlatformDependent0:236 - java.nio.Buffer.address: available
2023-06-10 14:00:38 DEBUG PlatformDependent0:320 - direct buffer constructor: unavailable: Reflective setAccessible(true) disabled
2023-06-10 14:00:38 DEBUG PlatformDependent0:385 - java.nio.Bits.unaligned: available, true
2023-06-10 14:00:38 DEBUG PlatformDependent0:452 - jdk.internal.misc.Unsafe.allocateUninitializedArray(int): unavailable: class io.netty.util.internal.PlatformDependent0$7 cannot access class jdk.internal.misc.Unsafe (in module java.base) because module java.base does not export jdk.internal.misc to unnamed module @7ab2bfe1
2023-06-10 14:00:38 DEBUG PlatformDependent0:482 - java.nio.DirectByteBuffer.<init>(long, int): unavailable
2023-06-10 14:00:38 DEBUG PlatformDependent:1159 - sun.misc.Unsafe: available
2023-06-10 14:00:38 DEBUG PlatformDependent:1270 - maxDirectMemory: 2122317824 bytes (maybe)
2023-06-10 14:00:38 DEBUG PlatformDependent:1289 - -Dio.netty.tmpdir: C:\Users\Admin\AppData\Local\Temp (java.io.tmpdir)
2023-06-10 14:00:38 DEBUG PlatformDependent:1368 - -Dio.netty.bitMode: 64 (sun.arch.data.model)
2023-06-10 14:00:38 DEBUG PlatformDependent:1119 - Platform: Windows
2023-06-10 14:00:38 DEBUG PlatformDependent:178 - -Dio.netty.maxDirectMemory: -1 bytes
2023-06-10 14:00:38 DEBUG PlatformDependent:185 - -Dio.netty.uninitializedArrayAllocationThreshold: -1
2023-06-10 14:00:38 DEBUG CleanerJava9:71 - java.nio.ByteBuffer.cleaner(): available
2023-06-10 14:00:38 DEBUG PlatformDependent:205 - -Dio.netty.noPreferDirect: false
2023-06-10 14:00:38 DEBUG PlatformDependent:1010 - org.jctools-core.MpscChunkedArrayQueue: available
2023-06-10 14:00:38 DEBUG InternalThreadLocalMap:100 - -Dio.netty.threadLocalMap.stringBuilder.initialSize: 1024
2023-06-10 14:00:38 DEBUG InternalThreadLocalMap:101 - -Dio.netty.threadLocalMap.stringBuilder.maxSize: 4096
2023-06-10 14:00:38 DEBUG JdkSslContext:83 - Default protocols (JDK): [TLSv1.3, TLSv1.2] 
2023-06-10 14:00:38 DEBUG JdkSslContext:84 - Default cipher suites (JDK): [TLS_ECDHE_ECDSA_WITH_AES_256_GCM_SHA384, TLS_ECDHE_ECDSA_WITH_AES_128_GCM_SHA256, TLS_ECDHE_RSA_WITH_AES_128_GCM_SHA256, TLS_ECDHE_RSA_WITH_AES_256_GCM_SHA384, TLS_ECDHE_RSA_WITH_AES_128_CBC_SHA, TLS_ECDHE_RSA_WITH_AES_256_CBC_SHA, TLS_RSA_WITH_AES_128_GCM_SHA256, TLS_RSA_WITH_AES_128_CBC_SHA, TLS_RSA_WITH_AES_256_CBC_SHA, TLS_AES_128_GCM_SHA256, TLS_AES_256_GCM_SHA384]
2023-06-10 14:00:38 DEBUG GlobalEventExecutor:53 - -Dio.netty.globalEventExecutor.quietPeriodSeconds: 1
2023-06-10 14:00:38 DEBUG MultithreadEventLoopGroup:44 - -Dio.netty.eventLoopThreads: 12
2023-06-10 14:00:38 DEBUG NioEventLoop:110 - -Dio.netty.noKeySetOptimization: false
2023-06-10 14:00:38 DEBUG NioEventLoop:111 - -Dio.netty.selectorAutoRebuildThreshold: 512
2023-06-10 14:00:39 DEBUG PooledByteBufAllocator:157 - -Dio.netty.allocator.numHeapArenas: 12
2023-06-10 14:00:39 DEBUG PooledByteBufAllocator:158 - -Dio.netty.allocator.numDirectArenas: 12
2023-06-10 14:00:39 DEBUG PooledByteBufAllocator:160 - -Dio.netty.allocator.pageSize: 8192
2023-06-10 14:00:39 DEBUG PooledByteBufAllocator:165 - -Dio.netty.allocator.maxOrder: 9
2023-06-10 14:00:39 DEBUG PooledByteBufAllocator:169 - -Dio.netty.allocator.chunkSize: 4194304
2023-06-10 14:00:39 DEBUG PooledByteBufAllocator:170 - -Dio.netty.allocator.smallCacheSize: 256
2023-06-10 14:00:39 DEBUG PooledByteBufAllocator:171 - -Dio.netty.allocator.normalCacheSize: 64
2023-06-10 14:00:39 DEBUG PooledByteBufAllocator:172 - -Dio.netty.allocator.maxCachedBufferCapacity: 32768
2023-06-10 14:00:39 DEBUG PooledByteBufAllocator:173 - -Dio.netty.allocator.cacheTrimInterval: 8192
2023-06-10 14:00:39 DEBUG PooledByteBufAllocator:174 - -Dio.netty.allocator.cacheTrimIntervalMillis: 0
2023-06-10 14:00:39 DEBUG PooledByteBufAllocator:175 - -Dio.netty.allocator.useCacheForAllThreads: false
2023-06-10 14:00:39 DEBUG PooledByteBufAllocator:176 - -Dio.netty.allocator.maxCachedByteBuffersPerChunk: 1023
2023-06-10 14:00:39 DEBUG ByteBufUtil:88 - -Dio.netty.allocator.type: pooled
2023-06-10 14:00:39 DEBUG ByteBufUtil:97 - -Dio.netty.threadLocalDirectBufferSize: 0
2023-06-10 14:00:39 DEBUG ByteBufUtil:100 - -Dio.netty.maxThreadLocalCharBufferSize: 16384
2023-06-10 14:00:40 DEBUG DefaultChannelId:79 - -Dio.netty.processId: 19696 (auto-detected)
2023-06-10 14:00:40 DEBUG NetUtil:148 - -Djava.net.preferIPv4Stack: false
2023-06-10 14:00:40 DEBUG NetUtil:149 - -Djava.net.preferIPv6Addresses: false
2023-06-10 14:00:40 DEBUG NetUtilInitializations:145 - Loopback interface: lo (Software Loopback Interface 1, 127.0.0.1)
2023-06-10 14:00:40 DEBUG NetUtil:206 - Failed to get SOMAXCONN from sysctl and file \proc\sys\net\core\somaxconn. Default: 200
2023-06-10 14:00:40 DEBUG DefaultChannelId:101 - -Dio.netty.machineId: e0:be:03:ff:fe:16:6c:a6 (auto-detected)
2023-06-10 14:00:40 DEBUG AbstractByteBuf:63 - -Dio.netty.buffer.checkAccessible: true
2023-06-10 14:00:40 DEBUG AbstractByteBuf:64 - -Dio.netty.buffer.checkBounds: true
2023-06-10 14:00:40 DEBUG ResourceLeakDetectorFactory:196 - Loaded default ResourceLeakDetector: io.netty.util.ResourceLeakDetector@185f5450
2023-06-10 14:00:40 DEBUG Recycler:96 - -Dio.netty.recycler.maxCapacityPerThread: 4096
2023-06-10 14:00:40 DEBUG Recycler:97 - -Dio.netty.recycler.ratio: 8
2023-06-10 14:00:40 DEBUG Recycler:98 - -Dio.netty.recycler.chunkSize: 32
2023-06-10 14:00:40 DEBUG Recycler:99 - -Dio.netty.recycler.blocking: false
2023-06-10 14:00:40 DEBUG Recycler:100 - -Dio.netty.recycler.batchFastThreadLocalOnly: true
2023-06-10 14:00:43 DEBUG Brotli:38 - brotli4j not in the classpath; Brotli support will be unavailable.
2023-06-10 14:00:45 DEBUG ThreadLocalRandom:214 - -Dio.netty.initialSeedUniquifier: 0xba6112becd480f64
2023-06-10 14:00:45 INFO  Log:17 - Chrome launch browser
2023-06-10 14:02:07 DEBUG InternalLoggerFactory:89 - Using Log4J as the default logging framework
2023-06-10 14:02:07 DEBUG ResourceLeakDetector:129 - -Dio.netty.leakDetection.level: simple
2023-06-10 14:02:07 DEBUG ResourceLeakDetector:130 - -Dio.netty.leakDetection.targetRecords: 4
2023-06-10 14:02:07 DEBUG ResourceLeakDetectorFactory:196 - Loaded default ResourceLeakDetector: io.netty.util.ResourceLeakDetector@184497d1
2023-06-10 14:02:07 DEBUG PlatformDependent0:496 - -Dio.netty.noUnsafe: false
2023-06-10 14:02:07 DEBUG PlatformDependent0:1000 - Java version: 17
2023-06-10 14:02:07 DEBUG PlatformDependent0:137 - sun.misc.Unsafe.theUnsafe: available
2023-06-10 14:02:07 DEBUG PlatformDependent0:161 - sun.misc.Unsafe.copyMemory: available
2023-06-10 14:02:07 DEBUG PlatformDependent0:193 - sun.misc.Unsafe.storeFence: available
2023-06-10 14:02:07 DEBUG PlatformDependent0:236 - java.nio.Buffer.address: available
2023-06-10 14:02:07 DEBUG PlatformDependent0:320 - direct buffer constructor: unavailable: Reflective setAccessible(true) disabled
2023-06-10 14:02:07 DEBUG PlatformDependent0:385 - java.nio.Bits.unaligned: available, true
2023-06-10 14:02:07 DEBUG PlatformDependent0:452 - jdk.internal.misc.Unsafe.allocateUninitializedArray(int): unavailable: class io.netty.util.internal.PlatformDependent0$7 cannot access class jdk.internal.misc.Unsafe (in module java.base) because module java.base does not export jdk.internal.misc to unnamed module @7ab2bfe1
2023-06-10 14:02:07 DEBUG PlatformDependent0:482 - java.nio.DirectByteBuffer.<init>(long, int): unavailable
2023-06-10 14:02:07 DEBUG PlatformDependent:1159 - sun.misc.Unsafe: available
2023-06-10 14:02:07 DEBUG PlatformDependent:1270 - maxDirectMemory: 2122317824 bytes (maybe)
2023-06-10 14:02:07 DEBUG PlatformDependent:1289 - -Dio.netty.tmpdir: C:\Users\Admin\AppData\Local\Temp (java.io.tmpdir)
2023-06-10 14:02:07 DEBUG PlatformDependent:1368 - -Dio.netty.bitMode: 64 (sun.arch.data.model)
2023-06-10 14:02:07 DEBUG PlatformDependent:1119 - Platform: Windows
2023-06-10 14:02:07 DEBUG PlatformDependent:178 - -Dio.netty.maxDirectMemory: -1 bytes
2023-06-10 14:02:07 DEBUG PlatformDependent:185 - -Dio.netty.uninitializedArrayAllocationThreshold: -1
2023-06-10 14:02:07 DEBUG CleanerJava9:71 - java.nio.ByteBuffer.cleaner(): available
2023-06-10 14:02:07 DEBUG PlatformDependent:205 - -Dio.netty.noPreferDirect: false
2023-06-10 14:02:07 DEBUG PlatformDependent:1010 - org.jctools-core.MpscChunkedArrayQueue: available
2023-06-10 14:02:07 DEBUG InternalThreadLocalMap:100 - -Dio.netty.threadLocalMap.stringBuilder.initialSize: 1024
2023-06-10 14:02:07 DEBUG InternalThreadLocalMap:101 - -Dio.netty.threadLocalMap.stringBuilder.maxSize: 4096
2023-06-10 14:02:07 DEBUG JdkSslContext:83 - Default protocols (JDK): [TLSv1.3, TLSv1.2] 
2023-06-10 14:02:07 DEBUG JdkSslContext:84 - Default cipher suites (JDK): [TLS_ECDHE_ECDSA_WITH_AES_256_GCM_SHA384, TLS_ECDHE_ECDSA_WITH_AES_128_GCM_SHA256, TLS_ECDHE_RSA_WITH_AES_128_GCM_SHA256, TLS_ECDHE_RSA_WITH_AES_256_GCM_SHA384, TLS_ECDHE_RSA_WITH_AES_128_CBC_SHA, TLS_ECDHE_RSA_WITH_AES_256_CBC_SHA, TLS_RSA_WITH_AES_128_GCM_SHA256, TLS_RSA_WITH_AES_128_CBC_SHA, TLS_RSA_WITH_AES_256_CBC_SHA, TLS_AES_128_GCM_SHA256, TLS_AES_256_GCM_SHA384]
2023-06-10 14:02:07 DEBUG GlobalEventExecutor:53 - -Dio.netty.globalEventExecutor.quietPeriodSeconds: 1
2023-06-10 14:02:07 DEBUG MultithreadEventLoopGroup:44 - -Dio.netty.eventLoopThreads: 12
2023-06-10 14:02:07 DEBUG NioEventLoop:110 - -Dio.netty.noKeySetOptimization: false
2023-06-10 14:02:07 DEBUG NioEventLoop:111 - -Dio.netty.selectorAutoRebuildThreshold: 512
2023-06-10 14:02:07 DEBUG PooledByteBufAllocator:157 - -Dio.netty.allocator.numHeapArenas: 12
2023-06-10 14:02:07 DEBUG PooledByteBufAllocator:158 - -Dio.netty.allocator.numDirectArenas: 12
2023-06-10 14:02:07 DEBUG PooledByteBufAllocator:160 - -Dio.netty.allocator.pageSize: 8192
2023-06-10 14:02:07 DEBUG PooledByteBufAllocator:165 - -Dio.netty.allocator.maxOrder: 9
2023-06-10 14:02:07 DEBUG PooledByteBufAllocator:169 - -Dio.netty.allocator.chunkSize: 4194304
2023-06-10 14:02:07 DEBUG PooledByteBufAllocator:170 - -Dio.netty.allocator.smallCacheSize: 256
2023-06-10 14:02:07 DEBUG PooledByteBufAllocator:171 - -Dio.netty.allocator.normalCacheSize: 64
2023-06-10 14:02:07 DEBUG PooledByteBufAllocator:172 - -Dio.netty.allocator.maxCachedBufferCapacity: 32768
2023-06-10 14:02:07 DEBUG PooledByteBufAllocator:173 - -Dio.netty.allocator.cacheTrimInterval: 8192
2023-06-10 14:02:07 DEBUG PooledByteBufAllocator:174 - -Dio.netty.allocator.cacheTrimIntervalMillis: 0
2023-06-10 14:02:07 DEBUG PooledByteBufAllocator:175 - -Dio.netty.allocator.useCacheForAllThreads: false
2023-06-10 14:02:07 DEBUG PooledByteBufAllocator:176 - -Dio.netty.allocator.maxCachedByteBuffersPerChunk: 1023
2023-06-10 14:02:07 DEBUG ByteBufUtil:88 - -Dio.netty.allocator.type: pooled
2023-06-10 14:02:07 DEBUG ByteBufUtil:97 - -Dio.netty.threadLocalDirectBufferSize: 0
2023-06-10 14:02:07 DEBUG ByteBufUtil:100 - -Dio.netty.maxThreadLocalCharBufferSize: 16384
2023-06-10 14:02:08 DEBUG DefaultChannelId:79 - -Dio.netty.processId: 11932 (auto-detected)
2023-06-10 14:02:08 DEBUG NetUtil:148 - -Djava.net.preferIPv4Stack: false
2023-06-10 14:02:08 DEBUG NetUtil:149 - -Djava.net.preferIPv6Addresses: false
2023-06-10 14:02:08 DEBUG NetUtilInitializations:145 - Loopback interface: lo (Software Loopback Interface 1, 127.0.0.1)
2023-06-10 14:02:08 DEBUG NetUtil:206 - Failed to get SOMAXCONN from sysctl and file \proc\sys\net\core\somaxconn. Default: 200
2023-06-10 14:02:08 DEBUG DefaultChannelId:101 - -Dio.netty.machineId: e0:be:03:ff:fe:16:6c:a6 (auto-detected)
2023-06-10 14:02:08 DEBUG AbstractByteBuf:63 - -Dio.netty.buffer.checkAccessible: true
2023-06-10 14:02:08 DEBUG AbstractByteBuf:64 - -Dio.netty.buffer.checkBounds: true
2023-06-10 14:02:08 DEBUG ResourceLeakDetectorFactory:196 - Loaded default ResourceLeakDetector: io.netty.util.ResourceLeakDetector@7c2ec506
2023-06-10 14:02:08 DEBUG Recycler:96 - -Dio.netty.recycler.maxCapacityPerThread: 4096
2023-06-10 14:02:08 DEBUG Recycler:97 - -Dio.netty.recycler.ratio: 8
2023-06-10 14:02:08 DEBUG Recycler:98 - -Dio.netty.recycler.chunkSize: 32
2023-06-10 14:02:08 DEBUG Recycler:99 - -Dio.netty.recycler.blocking: false
2023-06-10 14:02:08 DEBUG Recycler:100 - -Dio.netty.recycler.batchFastThreadLocalOnly: true
2023-06-10 14:02:10 DEBUG Brotli:38 - brotli4j not in the classpath; Brotli support will be unavailable.
2023-06-10 14:02:10 DEBUG ThreadLocalRandom:214 - -Dio.netty.initialSeedUniquifier: 0xead2f5e0a09ccb25
2023-06-10 14:02:10 INFO  Log:17 - Chrome launch browser
2023-06-10 14:02:17 INFO  Log:17 - login test start
